key {0..255}
Traceback (most recent call last):
  File "ddt3_fix_2.py", line 60, in <module>
    calculate(int(sys.argv[1]), int(sys.argv[2]), int(sys.argv[3]), int(sys.argv[4]))
ValueError: invalid literal for int() with base 10: '{0..255}'
key 0
key 1
key 2
key 3
key 4
key 5
key 6
key 7
key 8
key 9
key 10
key 11
key 12
key 13
key 14
key 15
key 16
key 17
key 18
key 19
key 20
key 21
key 22
key 23
key 24
key 25
key 26
key 27
key 28
key 29
key 30
key 31
key 32
key 33
key 34
key 35
key 36
key 37
key 38
key 39
key 40
key 41
key 42
key 43
key 44
key 45
key 46
key 47
key 48
key 49
key 50
key 51
key 52
key 53
key 54
key 55
key 56
key 57
key 58
key 59
key 60
key 61
key 62
key 63
key 64
key 65
key 66
key 67
key 68
key 69
key 70
key 71
key 72
key 73
key 74
key 75
key 76
key 77
key 78
key 79
key 80
key 81
key 82
key 83
key 84
key 85
key 86
key 87
key 88
key 89
key 90
key 91
key 92
key 93
key 94
key 95
key 96
key 97
key 98
key 99
key 100
key 101
key 102
key 103
key 104
key 105
key 106
key 107
key 108
key 109
key 110
key 111
key 112
key 113
key 114
key 115
key 116
key 117
key 118
key 119
key 120
key 121
key 122
key 123
key 124
key 125
key 126
key 127
key 128
key 129
key 130
key 131
key 132
key 133
key 134
key 135
key 136
key 137
key 138
key 139
key 140
key 141
key 142
key 143
key 144
key 145
key 146
key 147
key 148
key 149
key 150
key 151
key 152
key 153
key 154
key 155
key 156
key 157
key 158
key 159
key 160
key 161
key 162
key 163
key 164
key 165
key 166
key 167
key 168
key 169
key 170
key 171
key 172
key 173
key 174
key 175
key 176
key 177
key 178
key 179
key 180
key 181
key 182
key 183
key 184
key 185
key 186
key 187
key 188
key 189
key 190
key 191
key 192
key 193
key 194
key 195
key 196
key 197
key 198
key 199
key 200
key 201
key 202
key 203
key 204
key 205
key 206
key 207
key 208
key 209
key 210
key 211
key 212
key 213
key 214
key 215
key 216
key 217
key 218
key 219
key 220
key 221
key 222
key 223
key 224
key 225
key 226
key 227
key 228
key 229
key 230
key 231
key 232
key 233
key 234
key 235
key 236
key 237
key 238
key 239
key 240
key 241
key 242
key 243
key 244
key 245
key 246
key 247
key 248
key 249
key 250
key 251
key 252
key 253
key 254
key 255
key 0
key 1
key 2
key 3
key 4
key 5
key 6
key 7
key 8
key 9
key 10
key 11
key 12
key 13
key 14
key 15
key 16
key 17
key 18
key 19
key 20
key 21
key 22
key 23
key 24
key 25
key 26
key 27
key 28
key 29
key 30
key 31
key 32
key 33
key 34
key 35
key 36
key 37
key 38
key 39
key 40
key 41
key 42
key 43
key 44
key 45
key 46
key 47
key 48
key 49
key 50
key 51
key 52
key 53
key 54
key 55
key 56
key 57
key 58
key 59
key 60
key 61
key 62
key 63
key 64
key 65
key 66
key 67
key 68
key 69
key 70
key 71
key 72
key 73
key 74
key 75
key 76
key 77
key 78
key 79
key 80
key 81
key 82
key 83
key 84
key 85
key 86
key 87
key 88
key 89
key 90
key 91
key 92
key 93
key 94
key 95
key 96
key 97
key 98
key 99
key 100
key 101
key 102
key 103
key 104
key 105
key 106
key 107
key 108
key 109
key 110
key 111
key 112
key 113
key 114
key 115
key 116
key 117
key 118
key 119
key 120
key 121
key 122
key 123
key 124
key 125
key 126
key 127
key 128
key 129
key 130
key 131
key 132
key 133
key 134
key 135
key 136
key 137
key 138
key 139
key 140
key 141
key 142
key 143
key 144
key 145
key 146
key 147
key 148
key 149
key 150
key 151
key 152
key 153
key 154
key 155
key 156
key 157
key 158
key 159
key 160
key 161
key 162
key 163
key 164
key 165
key 166
key 167
key 168
key 169
key 170
key 171
key 172
key 173
key 174
key 175
key 176
key 177
key 178
key 179
key 180
key 181
key 182
key 183
key 184
key 185
key 186
key 187
key 188
key 189
key 190
key 191
key 192
key 193
key 194
key 195
key 196
key 197
key 198
key 199
key 200
key 201
key 202
key 203
key 204
key 205
key 206
key 207
key 208
key 209
key 210
key 211
key 212
key 213
key 214
key 215
key 216
key 217
key 218
key 219
key 220
key 221
key 222
key 223
key 224
key 225
key 226
key 227
key 228
key 229
key 230
key 231
key 232
key 233
key 234
key 235
key 236
key 237
key 238
key 239
key 240
key 241
key 242
key 243
key 244
key 245
key 246
key 247
key 248
key 249
key 250
key 251
key 252
key 253
key 254
key 255
key 0
key 1
key 2
key 3
key 4
key 5
key 6
key 7
key 8
key 9
key 10
key 11
key 12
key 13
key 14
key 15
key 16
key 17
key 18
key 19
key 20
key 21
key 22
key 23
key 24
key 25
key 26
key 27
key 28
key 29
key 30
key 31
key 32
key 33
key 34
key 35
key 36
key 37
key 38
key 39
key 40
key 41
key 42
key 43
key 44
key 45
key 46
key 47
key 48
key 49
key 50
key 51
key 52
key 53
key 54
key 55
key 56
key 57
key 58
key 59
key 60
key 61
key 62
key 63
key 64
key 65
key 66
key 67
key 68
key 69
key 70
key 71
key 72
key 73
key 74
key 75
key 76
key 77
key 78
key 79
key 80
key 81
key 82
key 83
key 84
key 85
key 86
key 87
key 88
key 89
key 90
key 91
key 92
key 93
key 94
key 95
key 96
key 97
key 98
key 99
key 100
key 101
key 102
key 103
key 104
key 105
key 106
key 107
key 108
key 109
key 110
key 111
key 112
key 113
key 114
key 115
key 116
key 117
key 118
key 119
key 120
key 121
key 122
key 123
key 124
key 125
key 126
key 127
key 128
key 129
key 130
key 131
key 132
key 133
key 134
key 135
key 136
key 137
key 138
key 139
key 140
key 141
key 142
key 143
key 144
key 145
key 146
key 147
key 148
key 149
key 150
key 151
key 152
key 153
key 154
key 155
key 156
key 157
key 158
key 159
key 160
key 161
key 162
key 163
key 164
key 165
key 166
key 167
key 168
key 169
key 170
key 171
key 172
key 173
key 174
key 175
key 176
key 177
key 178
key 179
key 180
key 181
key 182
key 183
key 184
key 185
key 186
key 187
key 188
key 189
key 190
key 191
key 192
key 193
key 194
key 195
key 196
key 197
key 198
key 199
key 200
key 201
key 202
key 203
key 204
key 205
key 206
key 207
key 208
key 209
key 210
key 211
key 212
key 213
key 214
key 215
key 216
key 217
key 218
key 219
key 220
key 221
key 222
key 223
key 224
key 225
key 226
key 227
key 228
key 229
key 230
key 231
key 232
key 233
key 234
key 235
key 236
key 237
key 238
key 239
key 240
key 241
key 242
key 243
key 244
key 245
key 246
key 247
key 248
key 249
key 250
key 251
key 252
key 253
key 254
key 255
key 0
done 567
done 678
done 781
done 812
key 1
done 567
done 678
done 781
done 812
key 2
done 567
done 678
done 781
done 812
key 3
done 567
done 678
done 781
done 812
key 4
done 567
done 678
done 781
done 812
key 5
done 567
done 678
done 781
done 812
key 6
done 567
done 678
done 781
done 812
key 7
done 567
done 678
done 781
done 812
key 8
done 567
done 678
done 781
done 812
key 9
done 567
done 678
done 781
done 812
key 10
done 567
done 678
done 781
done 812
key 11
done 567
done 678
done 781
done 812
key 12
done 567
done 678
done 781
done 812
key 13
done 567
done 678
done 781
done 812
key 14
done 567
done 678
done 781
done 812
key 15
done 567
done 678
done 781
done 812
key 16
done 567
done 678
done 781
done 812
key 17
done 567
done 678
done 781
done 812
key 18
done 567
done 678
done 781
done 812
key 19
done 567
done 678
done 781
done 812
key 20
done 567
done 678
done 781
done 812
key 21
done 567
done 678
done 781
done 812
key 22
done 567
done 678
done 781
done 812
key 23
done 567
done 678
done 781
done 812
key 24
done 567
done 678
done 781
done 812
key 25
done 567
done 678
done 781
done 812
key 26
done 567
done 678
done 781
done 812
key 27
done 567
done 678
done 781
done 812
key 28
done 567
done 678
done 781
done 812
key 29
done 567
done 678
done 781
done 812
key 30
done 567
done 678
done 781
done 812
key 31
done 567
done 678
done 781
done 812
key 32
done 567
done 678
done 781
done 812
key 33
done 567
done 678
done 781
done 812
key 34
done 567
done 678
done 781
done 812
key 35
done 567
done 678
done 781
done 812
key 36
done 567
done 678
done 781
done 812
key 37
done 567
done 678
done 781
done 812
key 38
done 567
done 678
done 781
done 812
key 39
done 567
done 678
done 781
done 812
key 40
done 567
done 678
done 781
done 812
key 41
done 567
done 678
done 781
done 812
key 42
done 567
done 678
done 781
done 812
key 43
done 567
done 678
done 781
done 812
key 44
done 567
done 678
done 781
done 812
key 45
done 567
done 678
done 781
done 812
key 46
done 567
done 678
done 781
done 812
key 47
done 567
done 678
done 781
done 812
key 48
done 567
done 678
done 781
done 812
key 49
done 567
done 678
done 781
done 812
key 50
done 567
done 678
done 781
done 812
key 51
done 567
done 678
done 781
done 812
key 52
done 567
done 678
done 781
done 812
key 53
done 567
done 678
done 781
done 812
key 54
done 567
done 678
done 781
done 812
key 55
done 567
done 678
done 781
done 812
key 56
done 567
done 678
done 781
done 812
key 57
done 567
done 678
done 781
done 812
key 58
done 567
done 678
done 781
done 812
key 59
done 567
done 678
done 781
done 812
key 60
done 567
done 678
done 781
done 812
key 61
done 567
done 678
done 781
done 812
key 62
done 567
done 678
done 781
done 812
key 63
done 567
done 678
done 781
done 812
key 64
done 567
done 678
done 781
done 812
key 65
done 567
done 678
done 781
done 812
key 66
done 567
done 678
done 781
done 812
key 67
done 567
done 678
done 781
done 812
key 68
done 567
done 678
done 781
done 812
key 69
done 567
done 678
done 781
done 812
key 70
done 567
done 678
done 781
done 812
key 71
done 567
done 678
done 781
done 812
key 72
done 567
done 678
done 781
done 812
key 73
done 567
done 678
done 781
done 812
key 74
done 567
done 678
done 781
done 812
key 75
done 567
done 678
done 781
done 812
key 76
done 567
done 678
done 781
done 812
key 77
done 567
done 678
done 781
done 812
key 78
done 567
done 678
done 781
done 812
key 79
done 567
done 678
done 781
done 812
key 80
done 567
done 678
done 781
done 812
key 81
done 567
done 678
done 781
done 812
key 82
done 567
done 678
done 781
done 812
key 83
done 567
done 678
done 781
done 812
key 84
done 567
done 678
done 781
done 812
key 85
done 567
done 678
done 781
done 812
key 86
done 567
done 678
done 781
done 812
key 87
done 567
done 678
done 781
done 812
key 88
done 567
done 678
done 781
done 812
key 89
done 567
done 678
done 781
done 812
key 90
done 567
done 678
done 781
done 812
key 91
done 567
done 678
done 781
done 812
key 92
done 567
done 678
done 781
done 812
key 93
done 567
done 678
done 781
done 812
key 94
done 567
done 678
done 781
done 812
key 95
done 567
done 678
done 781
done 812
key 96
done 567
done 678
done 781
done 812
key 97
done 567
done 678
done 781
done 812
key 98
done 567
done 678
done 781
done 812
key 99
done 567
done 678
done 781
done 812
key 100
done 567
done 678
done 781
done 812
key 101
done 567
done 678
done 781
done 812
key 102
done 567
done 678
done 781
done 812
key 103
done 567
done 678
done 781
done 812
key 104
done 567
done 678
done 781
done 812
key 105
done 567
done 678
done 781
done 812
key 106
done 567
done 678
done 781
done 812
key 107
done 567
done 678
done 781
done 812
key 108
done 567
done 678
done 781
done 812
key 109
done 567
done 678
done 781
done 812
key 110
done 567
done 678
done 781
done 812
key 111
done 567
done 678
done 781
done 812
key 112
done 567
done 678
done 781
done 812
key 113
done 567
done 678
done 781
done 812
key 114
done 567
done 678
done 781
done 812
key 115
done 567
done 678
done 781
done 812
key 116
done 567
done 678
done 781
done 812
key 117
done 567
done 678
done 781
done 812
key 118
done 567
done 678
done 781
done 812
key 119
done 567
done 678
done 781
done 812
key 120
done 567
done 678
done 781
done 812
key 121
done 567
done 678
done 781
done 812
key 122
done 567
done 678
done 781
done 812
key 123
done 567
done 678
done 781
done 812
key 124
done 567
done 678
done 781
done 812
key 125
done 567
done 678
done 781
done 812
key 126
done 567
done 678
done 781
done 812
key 127
done 567
done 678
done 781
done 812
key 128
done 567
done 678
done 781
done 812
key 129
done 567
done 678
done 781
done 812
key 130
done 567
done 678
done 781
done 812
key 131
done 567
done 678
done 781
done 812
key 132
done 567
done 678
done 781
done 812
key 133
done 567
done 678
done 781
done 812
key 134
done 567
done 678
done 781
done 812
key 135
done 567
done 678
done 781
done 812
key 136
done 567
done 678
done 781
done 812
key 137
done 567
done 678
done 781
done 812
key 138
done 567
done 678
done 781
done 812
key 139
done 567
done 678
done 781
done 812
key 140
done 567
done 678
done 781
done 812
key 141
done 567
done 678
done 781
done 812
key 142
done 567
done 678
done 781
done 812
key 143
done 567
done 678
done 781
done 812
key 144
done 567
done 678
done 781
done 812
key 145
done 567
done 678
done 781
done 812
key 146
done 567
done 678
done 781
done 812
key 147
done 567
done 678
done 781
done 812
key 148
done 567
done 678
done 781
done 812
key 149
done 567
done 678
done 781
done 812
key 150
done 567
done 678
done 781
done 812
key 151
done 567
done 678
done 781
done 812
key 152
done 567
done 678
done 781
done 812
key 153
done 567
done 678
done 781
done 812
key 154
done 567
done 678
done 781
done 812
key 155
done 567
done 678
done 781
done 812
key 156
done 567
done 678
done 781
done 812
key 157
done 567
done 678
done 781
done 812
key 158
done 567
done 678
done 781
done 812
key 159
done 567
done 678
done 781
done 812
key 160
done 567
done 678
done 781
done 812
key 161
done 567
done 678
done 781
done 812
key 162
done 567
done 678
done 781
done 812
key 163
done 567
done 678
done 781
done 812
key 164
done 567
done 678
done 781
done 812
key 165
done 567
done 678
done 781
done 812
key 166
done 567
done 678
done 781
done 812
key 167
done 567
done 678
done 781
done 812
key 168
done 567
done 678
done 781
done 812
key 169
done 567
done 678
done 781
done 812
key 170
done 567
done 678
done 781
done 812
key 171
done 567
done 678
done 781
done 812
key 172
done 567
done 678
done 781
done 812
key 173
done 567
done 678
done 781
done 812
key 174
done 567
done 678
done 781
done 812
key 175
done 567
done 678
done 781
done 812
key 176
done 567
done 678
done 781
done 812
key 177
done 567
done 678
done 781
done 812
key 178
done 567
done 678
done 781
done 812
key 179
done 567
done 678
done 781
done 812
key 180
done 567
done 678
done 781
done 812
key 181
done 567
done 678
done 781
done 812
key 182
done 567
done 678
done 781
done 812
key 183
done 567
done 678
done 781
done 812
key 184
done 567
done 678
done 781
done 812
key 185
done 567
done 678
done 781
done 812
key 186
done 567
done 678
done 781
done 812
key 187
done 567
done 678
done 781
done 812
key 188
done 567
done 678
done 781
done 812
key 189
done 567
done 678
done 781
done 812
key 190
done 567
done 678
done 781
done 812
key 191
done 567
done 678
done 781
done 812
key 192
done 567
done 678
done 781
done 812
key 193
done 567
done 678
done 781
done 812
key 194
done 567
done 678
done 781
done 812
key 195
done 567
done 678
done 781
done 812
key 196
done 567
done 678
done 781
done 812
key 197
done 567
done 678
done 781
done 812
key 198
done 567
done 678
done 781
done 812
key 199
done 567
done 678
done 781
done 812
key 200
done 567
done 678
done 781
done 812
key 201
done 567
done 678
done 781
done 812
key 202
done 567
done 678
done 781
done 812
key 203
done 567
done 678
done 781
done 812
key 204
done 567
done 678
done 781
done 812
key 205
done 567
done 678
done 781
done 812
key 206
done 567
done 678
done 781
done 812
key 207
done 567
done 678
done 781
done 812
key 208
done 567
done 678
done 781
done 812
key 209
done 567
done 678
done 781
done 812
key 210
done 567
done 678
done 781
done 812
key 211
done 567
done 678
done 781
done 812
key 212
done 567
done 678
done 781
done 812
key 213
done 567
done 678
done 781
done 812
key 214
done 567
done 678
done 781
done 812
key 215
done 567
done 678
done 781
done 812
key 216
done 567
done 678
done 781
done 812
key 217
done 567
done 678
done 781
done 812
key 218
done 567
done 678
done 781
done 812
key 219
done 567
done 678
done 781
done 812
key 220
done 567
done 678
done 781
done 812
key 221
done 567
done 678
done 781
done 812
key 222
done 567
done 678
done 781
done 812
key 223
done 567
done 678
done 781
done 812
key 224
done 567
done 678
done 781
done 812
key 225
done 567
done 678
done 781
done 812
key 226
done 567
done 678
done 781
done 812
key 227
done 567
done 678
done 781
done 812
key 228
done 567
done 678
done 781
done 812
key 229
done 567
done 678
done 781
done 812
key 230
done 567
done 678
done 781
done 812
key 231
done 567
done 678
done 781
done 812
key 232
done 567
done 678
done 781
done 812
key 233
done 567
done 678
done 781
done 812
key 234
done 567
done 678
done 781
done 812
key 235
done 567
done 678
done 781
done 812
key 236
done 567
done 678
done 781
done 812
key 237
done 567
done 678
done 781
done 812
key 238
done 567
done 678
done 781
done 812
key 239
done 567
done 678
done 781
done 812
key 240
done 567
done 678
done 781
done 812
key 241
done 567
done 678
done 781
done 812
key 242
done 567
done 678
done 781
done 812
key 243
done 567
done 678
done 781
done 812
key 244
done 567
done 678
done 781
done 812
key 245
done 567
done 678
done 781
done 812
key 246
done 567
done 678
done 781
done 812
key 247
done 567
done 678
done 781
done 812
key 248
done 567
done 678
done 781
done 812
key 249
done 567
done 678
done 781
done 812
key 250
done 567
done 678
done 781
done 812
key 251
done 567
done 678
done 781
done 812
key 252
done 567
done 678
done 781
done 812
key 253
done 567
done 678
done 781
done 812
key 254
done 567
done 678
done 781
done 812
key 255
done 567
done 678
done 781
done 812
